Using pre-set license
Built from '2020.3/staging' branch; Version is '2020.3.11f1 (99c7afb366b3) revision 10078127'; Using compiler version '192528614'; Build Type 'Release'
OS: 'Windows 10 Home; OS build 19043.1165; Version 2009; 64bit' Language: 'ja' Physical Memory: 8101 MB
BatchMode: 1, IsHumanControllingUs: 0, StartBugReporterOnCrash: 0, Is64bit: 1, IsPro: 0

 COMMAND LINE ARGUMENTS:
C:\Program Files\Unity\Hub\Editor\2020.3.11f1\Editor\Unity.exe
-adb2
-batchMode
-noUpm
-name
AssetImportWorker0
-projectPath
C:/Users/msuuu/OneDrive - Japan Advanced Institute of Science and Technology/UnityKosyu
-logFile
Logs/AssetImportWorker0.log
-srvPort
53760
Successfully changed project path to: C:/Users/msuuu/OneDrive - Japan Advanced Institute of Science and Technology/UnityKosyu
C:/Users/msuuu/OneDrive - Japan Advanced Institute of Science and Technology/UnityKosyu
Using Asset Import Pipeline V2.
Refreshing native plugins compatible for Editor in 79.52 ms, found 2 plugins.
Preloading 0 native plugins for Editor in 0.00 ms.
Initialize engine version: 2020.3.11f1 (99c7afb366b3)
[Subsystems] Discovering subsystems at path C:/Program Files/Unity/Hub/Editor/2020.3.11f1/Editor/Data/Resources/UnitySubsystems
[Subsystems] Discovering subsystems at path C:/Users/msuuu/OneDrive - Japan Advanced Institute of Science and Technology/UnityKosyu/Assets
GfxDevice: creating device client; threaded=0
Direct3D:
    Version:  Direct3D 11.0 [level 11.1]
    Renderer: Intel(R) UHD Graphics 620 (ID=0x5917)
    Vendor:   
    VRAM:     4050 MB
    Driver:   26.20.100.7323
Initialize mono
Mono path[0] = 'C:/Program Files/Unity/Hub/Editor/2020.3.11f1/Editor/Data/Managed'
Mono path[1] = 'C:/Program Files/Unity/Hub/Editor/2020.3.11f1/Editor/Data/MonoBleedingEdge/lib/mono/unityjit'
Mono config path = 'C:/Program Files/Unity/Hub/Editor/2020.3.11f1/Editor/Data/MonoBleedingEdge/etc'
Using monoOptions --debugger-agent=transport=dt_socket,embedding=1,server=y,suspend=n,address=127.0.0.1:56512
Begin MonoManager ReloadAssembly
Registering precompiled unity dll's ...
Register platform support module: C:/Program Files/Unity/Hub/Editor/2020.3.11f1/Editor/Data/PlaybackEngines/MacStandaloneSupport/UnityEditor.OSXStandalone.Extensions.dll
Register platform support module: C:/Program Files/Unity/Hub/Editor/2020.3.11f1/Editor/Data/PlaybackEngines/WindowsStandaloneSupport/UnityEditor.WindowsStandalone.Extensions.dll
Registered in 0.003123 seconds.
Native extension for WindowsStandalone target not found
Native extension for OSXStandalone target not found
Refreshing native plugins compatible for Editor in 60.90 ms, found 2 plugins.
Preloading 0 native plugins for Editor in 0.00 ms.
Mono: successfully reloaded assembly
- Completed reload, in  2.715 seconds
Platform modules already initialized, skipping
Registering precompiled user dll's ...
Registered in 0.018320 seconds.
Begin MonoManager ReloadAssembly
Native extension for WindowsStandalone target not found
Native extension for OSXStandalone target not found
Refreshing native plugins compatible for Editor in 0.30 ms, found 2 plugins.
Preloading 0 native plugins for Editor in 0.00 ms.
Mono: successfully reloaded assembly
- Completed reload, in  1.133 seconds
Platform modules already initialized, skipping
========================================================================
Worker process is ready to serve import requests
Launched and connected shader compiler UnityShaderCompiler.exe after 0.08 seconds
Refreshing native plugins compatible for Editor in 0.30 ms, found 2 plugins.
Preloading 0 native plugins for Editor in 0.00 ms.
Unloading 1388 Unused Serialized files (Serialized files now loaded: 0)
System memory in use before: 65.2 MB.
System memory in use after: 65.3 MB.

Unloading 19 unused Assets to reduce memory usage. Loaded Objects now: 1821.
Total: 2.191500 ms (FindLiveObjects: 0.167100 ms CreateObjectMapping: 0.047600 ms MarkObjects: 1.878100 ms  DeleteObjects: 0.097500 ms)

========================================================================
Received Import Request.
  path: ProjectSettings/TagManager.asset
  artifactKey: Guid(00000000000000003000000000000000) Importer(815301076,1909f56bfc062723c751e8b465ee728b)
Start importing ProjectSettings/TagManager.asset using Guid(00000000000000003000000000000000) Importer(815301076,1909f56bfc062723c751e8b465ee728b)  -> (artifact id: 'ce6a35c3cddc746e7501c0bd0ed6d4ce') in 0.043747 seconds
  Import took 0.048800 seconds .

========================================================================
Received Prepare
Registering precompiled user dll's ...
Registered in 0.013282 seconds.
Begin MonoManager ReloadAssembly
Native extension for WindowsStandalone target not found
Native extension for OSXStandalone target not found
Refreshing native plugins compatible for Editor in 0.33 ms, found 2 plugins.
Preloading 0 native plugins for Editor in 0.00 ms.
Mono: successfully reloaded assembly
- Completed reload, in  1.160 seconds
Platform modules already initialized, skipping
Refreshing native plugins compatible for Editor in 0.32 ms, found 2 plugins.
Preloading 0 native plugins for Editor in 0.00 ms.
Unloading 1383 Unused Serialized files (Serialized files now loaded: 0)
System memory in use before: 65.2 MB.
System memory in use after: 65.3 MB.

Unloading 15 unused Assets to reduce memory usage. Loaded Objects now: 1824.
Total: 2.845800 ms (FindLiveObjects: 0.172400 ms CreateObjectMapping: 0.051400 ms MarkObjects: 2.526700 ms  DeleteObjects: 0.094000 ms)

========================================================================
Received Prepare
Registering precompiled user dll's ...
Registered in 0.016814 seconds.
Begin MonoManager ReloadAssembly
Native extension for WindowsStandalone target not found
Native extension for OSXStandalone target not found
Refreshing native plugins compatible for Editor in 0.33 ms, found 2 plugins.
Preloading 0 native plugins for Editor in 0.00 ms.
Mono: successfully reloaded assembly
- Completed reload, in  1.914 seconds
Platform modules already initialized, skipping
Refreshing native plugins compatible for Editor in 0.49 ms, found 2 plugins.
Preloading 0 native plugins for Editor in 0.00 ms.
Unloading 1383 Unused Serialized files (Serialized files now loaded: 0)
System memory in use before: 65.2 MB.
System memory in use after: 65.3 MB.

Unloading 14 unused Assets to reduce memory usage. Loaded Objects now: 1827.
Total: 2.643000 ms (FindLiveObjects: 0.160800 ms CreateObjectMapping: 0.039000 ms MarkObjects: 2.352800 ms  DeleteObjects: 0.088800 ms)

========================================================================
Received Import Request.
  Time since last request: 690.398928 seconds.
  path: Assets/Scripts
  artifactKey: Guid(78a0cbe60f85d0445a03496f47d9dd56) Importer(815301076,1909f56bfc062723c751e8b465ee728b)
Start importing Assets/Scripts using Guid(78a0cbe60f85d0445a03496f47d9dd56) Importer(815301076,1909f56bfc062723c751e8b465ee728b)  -> (artifact id: '353a1f48df6e67d67d0c92d9bfdf7590') in 0.005427 seconds
  Import took 0.010350 seconds .

========================================================================
Received Import Request.
  Time since last request: 0.495047 seconds.
  path: Assets/Block.cs
  artifactKey: Guid(b996ed9ceecc2fd4f835036b94552aea) Importer(815301076,1909f56bfc062723c751e8b465ee728b)
Start importing Assets/Block.cs using Guid(b996ed9ceecc2fd4f835036b94552aea) Importer(815301076,1909f56bfc062723c751e8b465ee728b)  -> (artifact id: '3dd7c30aa11be3af0da4cefb3b3fdd95') in 0.018704 seconds
  Import took 0.024946 seconds .

========================================================================
Received Import Request.
  Time since last request: 0.708208 seconds.
  path: Assets/Block.cs
  artifactKey: Guid(b996ed9ceecc2fd4f835036b94552aea) Importer(815301076,1909f56bfc062723c751e8b465ee728b)
Start importing Assets/Block.cs using Guid(b996ed9ceecc2fd4f835036b94552aea) Importer(815301076,1909f56bfc062723c751e8b465ee728b)  -> (artifact id: '3dd7c30aa11be3af0da4cefb3b3fdd95') in 0.002924 seconds
  Import took 0.009571 seconds .

========================================================================
Received Import Request.
  Time since last request: 0.083440 seconds.
  path: Assets/scri.cs
  artifactKey: Guid(8bad647df3459cd478a206a46a72699a) Importer(815301076,1909f56bfc062723c751e8b465ee728b)
Start importing Assets/scri.cs using Guid(8bad647df3459cd478a206a46a72699a) Importer(815301076,1909f56bfc062723c751e8b465ee728b)  -> (artifact id: '4df51ef7b784b0ab9f670afe51b4ad98') in 0.006806 seconds
  Import took 0.015708 seconds .

========================================================================
Received Import Request.
  Time since last request: 0.006182 seconds.
  path: Assets/scri.cs
  artifactKey: Guid(8bad647df3459cd478a206a46a72699a) Importer(815301076,1909f56bfc062723c751e8b465ee728b)
Start importing Assets/scri.cs using Guid(8bad647df3459cd478a206a46a72699a) Importer(815301076,1909f56bfc062723c751e8b465ee728b)  -> (artifact id: '4df51ef7b784b0ab9f670afe51b4ad98') in 0.007056 seconds
  Import took 0.020698 seconds .

========================================================================
Received Prepare
Registering precompiled user dll's ...
Registered in 0.018555 seconds.
Begin MonoManager ReloadAssembly
Native extension for WindowsStandalone target not found
Native extension for OSXStandalone target not found
Refreshing native plugins compatible for Editor in 0.33 ms, found 2 plugins.
Preloading 0 native plugins for Editor in 0.00 ms.
Mono: successfully reloaded assembly
- Completed reload, in  1.677 seconds
Platform modules already initialized, skipping
Refreshing native plugins compatible for Editor in 0.34 ms, found 2 plugins.
Preloading 0 native plugins for Editor in 0.00 ms.
Unloading 1383 Unused Serialized files (Serialized files now loaded: 0)
System memory in use before: 65.2 MB.
System memory in use after: 65.3 MB.

Unloading 14 unused Assets to reduce memory usage. Loaded Objects now: 1830.
Total: 2.480100 ms (FindLiveObjects: 0.200100 ms CreateObjectMapping: 0.042200 ms MarkObjects: 2.169200 ms  DeleteObjects: 0.067400 ms)

========================================================================
Received Import Request.
  Time since last request: 35.044733 seconds.
  path: Assets/Prefab
  artifactKey: Guid(d9d86627e1cdbc140add8c1aa6a7898c) Importer(815301076,1909f56bfc062723c751e8b465ee728b)
Start importing Assets/Prefab using Guid(d9d86627e1cdbc140add8c1aa6a7898c) Importer(815301076,1909f56bfc062723c751e8b465ee728b)  -> (artifact id: '676abc32b5276041b59d51e69bf21f16') in 0.005699 seconds
  Import took 0.009003 seconds .

========================================================================
Received Import Request.
  Time since last request: 44.079867 seconds.
  path: Assets/Scenes
  artifactKey: Guid(f16015e28b155d44680d4b7e8593f7c9) Importer(815301076,1909f56bfc062723c751e8b465ee728b)
Start importing Assets/Scenes using Guid(f16015e28b155d44680d4b7e8593f7c9) Importer(815301076,1909f56bfc062723c751e8b465ee728b)  -> (artifact id: '15bcaee53a4fb095b7d3fbe58eb16363') in 0.005015 seconds
  Import took 0.010773 seconds .

========================================================================
Received Import Request.
  Time since last request: 60.756378 seconds.
  path: Assets/Prefab/Block.prefab
  artifactKey: Guid(7166ab30a039cba428ed0c8f5a6543d0) Importer(815301076,1909f56bfc062723c751e8b465ee728b)
Start importing Assets/Prefab/Block.prefab using Guid(7166ab30a039cba428ed0c8f5a6543d0) Importer(815301076,1909f56bfc062723c751e8b465ee728b)  -> (artifact id: '943d0ab1071d4c79045b46ba2a6074f1') in 0.224144 seconds
  Import took 0.235556 seconds .

========================================================================
Received Import Request.
  Time since last request: 139.947278 seconds.
  path: Assets/Prefab/Block.prefab
  artifactKey: Guid(7166ab30a039cba428ed0c8f5a6543d0) Importer(815301076,1909f56bfc062723c751e8b465ee728b)
Start importing Assets/Prefab/Block.prefab using Guid(7166ab30a039cba428ed0c8f5a6543d0) Importer(815301076,1909f56bfc062723c751e8b465ee728b)  -> (artifact id: 'e14ab0ea61710e7c609cc964a6354226') in 0.028029 seconds
  Import took 0.040832 seconds .

========================================================================
Received Import Request.
  Time since last request: 316.982066 seconds.
  path: Assets/Material/Bar.physicMaterial
  artifactKey: Guid(512356f995cdcd4418b2a00276d3fa8e) Importer(815301076,1909f56bfc062723c751e8b465ee728b)
Start importing Assets/Material/Bar.physicMaterial using Guid(512356f995cdcd4418b2a00276d3fa8e) Importer(815301076,1909f56bfc062723c751e8b465ee728b)  -> (artifact id: '1f058dce1f652e8c6e95e7947a8ac495') in 0.008985 seconds
  Import took 0.016413 seconds .

========================================================================
Received Import Request.
  Time since last request: 0.007981 seconds.
  path: Assets/Material/Bar.physicMaterial
  artifactKey: Guid(512356f995cdcd4418b2a00276d3fa8e) Importer(815301076,1909f56bfc062723c751e8b465ee728b)
Start importing Assets/Material/Bar.physicMaterial using Guid(512356f995cdcd4418b2a00276d3fa8e) Importer(815301076,1909f56bfc062723c751e8b465ee728b)  -> (artifact id: '1f058dce1f652e8c6e95e7947a8ac495') in 0.004552 seconds
  Import took 0.009900 seconds .

========================================================================
Received Prepare
Registering precompiled user dll's ...
Registered in 0.006488 seconds.
Begin MonoManager ReloadAssembly
Native extension for WindowsStandalone target not found
Native extension for OSXStandalone target not found
Refreshing native plugins compatible for Editor in 0.34 ms, found 2 plugins.
Preloading 0 native plugins for Editor in 0.00 ms.
Mono: successfully reloaded assembly
- Completed reload, in  1.269 seconds
Platform modules already initialized, skipping
Refreshing native plugins compatible for Editor in 1.01 ms, found 2 plugins.
Preloading 0 native plugins for Editor in 0.00 ms.
Unloading 1384 Unused Serialized files (Serialized files now loaded: 0)
System memory in use before: 68.4 MB.
System memory in use after: 68.5 MB.

Unloading 15 unused Assets to reduce memory usage. Loaded Objects now: 1842.
Total: 6.163800 ms (FindLiveObjects: 0.489000 ms CreateObjectMapping: 0.174600 ms MarkObjects: 5.315900 ms  DeleteObjects: 0.180500 ms)

========================================================================
Received Prepare
Registering precompiled user dll's ...
Registered in 0.007425 seconds.
Begin MonoManager ReloadAssembly
Native extension for WindowsStandalone target not found
Native extension for OSXStandalone target not found
Refreshing native plugins compatible for Editor in 0.52 ms, found 2 plugins.
Preloading 0 native plugins for Editor in 0.00 ms.
Mono: successfully reloaded assembly
- Completed reload, in  2.845 seconds
Platform modules already initialized, skipping
Refreshing native plugins compatible for Editor in 0.40 ms, found 2 plugins.
Preloading 0 native plugins for Editor in 0.00 ms.
Unloading 1384 Unused Serialized files (Serialized files now loaded: 0)
System memory in use before: 68.4 MB.
System memory in use after: 68.5 MB.

Unloading 14 unused Assets to reduce memory usage. Loaded Objects now: 1845.
Total: 3.187200 ms (FindLiveObjects: 0.514800 ms CreateObjectMapping: 0.110800 ms MarkObjects: 2.419000 ms  DeleteObjects: 0.139900 ms)

========================================================================
Received Prepare
Registering precompiled user dll's ...
Registered in 0.020453 seconds.
Begin MonoManager ReloadAssembly
Native extension for WindowsStandalone target not found
Native extension for OSXStandalone target not found
Refreshing native plugins compatible for Editor in 0.63 ms, found 2 plugins.
Preloading 0 native plugins for Editor in 0.00 ms.
Mono: successfully reloaded assembly
- Completed reload, in  3.658 seconds
Platform modules already initialized, skipping
Refreshing native plugins compatible for Editor in 0.62 ms, found 2 plugins.
Preloading 0 native plugins for Editor in 0.00 ms.
Unloading 1384 Unused Serialized files (Serialized files now loaded: 0)
System memory in use before: 68.4 MB.
System memory in use after: 68.5 MB.

Unloading 14 unused Assets to reduce memory usage. Loaded Objects now: 1848.
Total: 5.357900 ms (FindLiveObjects: 0.304200 ms CreateObjectMapping: 0.095200 ms MarkObjects: 4.769400 ms  DeleteObjects: 0.185900 ms)

========================================================================
Received Import Request.
  Time since last request: 1748.616245 seconds.
  path: Assets/Material/Bar.physicMaterial
  artifactKey: Guid(512356f995cdcd4418b2a00276d3fa8e) Importer(815301076,1909f56bfc062723c751e8b465ee728b)
Start importing Assets/Material/Bar.physicMaterial using Guid(512356f995cdcd4418b2a00276d3fa8e) Importer(815301076,1909f56bfc062723c751e8b465ee728b)  -> (artifact id: 'aca40324499b76105c4e507b89098f4b') in 0.025456 seconds
  Import took 0.033046 seconds .

========================================================================
Received Import Request.
  Time since last request: 63.885290 seconds.
  path: Assets/Material/New Physic Material.physicMaterial
  artifactKey: Guid(3b38bbfb8ba078a47a7202a45c7f237a) Importer(815301076,1909f56bfc062723c751e8b465ee728b)
Start importing Assets/Material/New Physic Material.physicMaterial using Guid(3b38bbfb8ba078a47a7202a45c7f237a) Importer(815301076,1909f56bfc062723c751e8b465ee728b)  -> (artifact id: 'd9e05121b4a40599248adae1e50d0175') in 0.010072 seconds
  Import took 0.017004 seconds .

========================================================================
Received Import Request.
  Time since last request: 0.016986 seconds.
  path: Assets/Material/New Physic Material.physicMaterial
  artifactKey: Guid(3b38bbfb8ba078a47a7202a45c7f237a) Importer(815301076,1909f56bfc062723c751e8b465ee728b)
Start importing Assets/Material/New Physic Material.physicMaterial using Guid(3b38bbfb8ba078a47a7202a45c7f237a) Importer(815301076,1909f56bfc062723c751e8b465ee728b)  -> (artifact id: 'd9e05121b4a40599248adae1e50d0175') in 0.004823 seconds
  Import took 0.009529 seconds .

========================================================================
Received Import Request.
  Time since last request: 20.714844 seconds.
  path: Assets/Material/Wall.physicMaterial
  artifactKey: Guid(3b38bbfb8ba078a47a7202a45c7f237a) Importer(815301076,1909f56bfc062723c751e8b465ee728b)
Start importing Assets/Material/Wall.physicMaterial using Guid(3b38bbfb8ba078a47a7202a45c7f237a) Importer(815301076,1909f56bfc062723c751e8b465ee728b)  -> (artifact id: '09aea14342e4183b6402cb18f14b79e5') in 0.004324 seconds
  Import took 0.010370 seconds .

========================================================================
Received Import Request.
  Time since last request: 0.018362 seconds.
  path: Assets/Material/Wall.physicMaterial
  artifactKey: Guid(3b38bbfb8ba078a47a7202a45c7f237a) Importer(815301076,1909f56bfc062723c751e8b465ee728b)
Start importing Assets/Material/Wall.physicMaterial using Guid(3b38bbfb8ba078a47a7202a45c7f237a) Importer(815301076,1909f56bfc062723c751e8b465ee728b)  -> (artifact id: '09aea14342e4183b6402cb18f14b79e5') in 0.004540 seconds
  Import took 0.010638 seconds .

========================================================================
Received Import Request.
  Time since last request: 61.023579 seconds.
  path: Assets/Material/New Physic Material.physicMaterial
  artifactKey: Guid(5d1d992f42cc8644ca69c84b6072b01f) Importer(815301076,1909f56bfc062723c751e8b465ee728b)
Start importing Assets/Material/New Physic Material.physicMaterial using Guid(5d1d992f42cc8644ca69c84b6072b01f) Importer(815301076,1909f56bfc062723c751e8b465ee728b)  -> (artifact id: '14dfbd4043e3e2dbb7f23de35496c4d8') in 0.008998 seconds
  Import took 0.019905 seconds .

========================================================================
Received Import Request.
  Time since last request: 0.026793 seconds.
  path: Assets/Material/New Physic Material.physicMaterial
  artifactKey: Guid(5d1d992f42cc8644ca69c84b6072b01f) Importer(815301076,1909f56bfc062723c751e8b465ee728b)
Start importing Assets/Material/New Physic Material.physicMaterial using Guid(5d1d992f42cc8644ca69c84b6072b01f) Importer(815301076,1909f56bfc062723c751e8b465ee728b)  -> (artifact id: '14dfbd4043e3e2dbb7f23de35496c4d8') in 0.007928 seconds
  Import took 0.017237 seconds .

========================================================================
Received Import Request.
  Time since last request: 34.558693 seconds.
  path: Assets/Material/New Physic Material 1.physicMaterial
  artifactKey: Guid(3f9e8bda7bb076349979a2f3f4174e92) Importer(815301076,1909f56bfc062723c751e8b465ee728b)
Start importing Assets/Material/New Physic Material 1.physicMaterial using Guid(3f9e8bda7bb076349979a2f3f4174e92) Importer(815301076,1909f56bfc062723c751e8b465ee728b)  -> (artifact id: 'd285697fe4b01eed83a4b831663f0a6f') in 0.004846 seconds
  Import took 0.009360 seconds .

========================================================================
Received Import Request.
  Time since last request: 0.015668 seconds.
  path: Assets/Material/New Physic Material 1.physicMaterial
  artifactKey: Guid(3f9e8bda7bb076349979a2f3f4174e92) Importer(815301076,1909f56bfc062723c751e8b465ee728b)
Start importing Assets/Material/New Physic Material 1.physicMaterial using Guid(3f9e8bda7bb076349979a2f3f4174e92) Importer(815301076,1909f56bfc062723c751e8b465ee728b)  -> (artifact id: 'd285697fe4b01eed83a4b831663f0a6f') in 0.004911 seconds
  Import took 0.009869 seconds .

========================================================================
Received Import Request.
  Time since last request: 13.093474 seconds.
  path: Assets/Material/Block.physicMaterial
  artifactKey: Guid(3f9e8bda7bb076349979a2f3f4174e92) Importer(815301076,1909f56bfc062723c751e8b465ee728b)
Start importing Assets/Material/Block.physicMaterial using Guid(3f9e8bda7bb076349979a2f3f4174e92) Importer(815301076,1909f56bfc062723c751e8b465ee728b)  -> (artifact id: 'eb6f81f975f1205fe7f08b42e7d1dbc3') in 0.008496 seconds
  Import took 0.014593 seconds .

========================================================================
Received Import Request.
  Time since last request: 0.029018 seconds.
  path: Assets/Material/Block.physicMaterial
  artifactKey: Guid(3f9e8bda7bb076349979a2f3f4174e92) Importer(815301076,1909f56bfc062723c751e8b465ee728b)
Start importing Assets/Material/Block.physicMaterial using Guid(3f9e8bda7bb076349979a2f3f4174e92) Importer(815301076,1909f56bfc062723c751e8b465ee728b)  -> (artifact id: 'eb6f81f975f1205fe7f08b42e7d1dbc3') in 0.007582 seconds
  Import took 0.015252 seconds .

========================================================================
Received Import Request.
  Time since last request: 21.926983 seconds.
  path: Assets/Material/Block.physicMaterial
  artifactKey: Guid(3f9e8bda7bb076349979a2f3f4174e92) Importer(815301076,1909f56bfc062723c751e8b465ee728b)
Start importing Assets/Material/Block.physicMaterial using Guid(3f9e8bda7bb076349979a2f3f4174e92) Importer(815301076,1909f56bfc062723c751e8b465ee728b)  -> (artifact id: '54999f245e1d9ef67a328c07dc3c04e5') in 0.008050 seconds
  Import took 0.015106 seconds .

========================================================================
Received Import Request.
  Time since last request: 22.207211 seconds.
  path: Assets/Material/Block.physicMaterial
  artifactKey: Guid(3f9e8bda7bb076349979a2f3f4174e92) Importer(815301076,1909f56bfc062723c751e8b465ee728b)
Start importing Assets/Material/Block.physicMaterial using Guid(3f9e8bda7bb076349979a2f3f4174e92) Importer(815301076,1909f56bfc062723c751e8b465ee728b)  -> (artifact id: 'cec479f08a2af6f3446aed93a3d385bd') in 0.006264 seconds
  Import took 0.015870 seconds .

========================================================================
Received Prepare
Registering precompiled user dll's ...
Registered in 0.013375 seconds.
Begin MonoManager ReloadAssembly
Native extension for WindowsStandalone target not found
Native extension for OSXStandalone target not found
Refreshing native plugins compatible for Editor in 0.32 ms, found 2 plugins.
Preloading 0 native plugins for Editor in 0.00 ms.
Mono: successfully reloaded assembly
- Completed reload, in  1.781 seconds
Platform modules already initialized, skipping
Refreshing native plugins compatible for Editor in 0.56 ms, found 2 plugins.
Preloading 0 native plugins for Editor in 0.00 ms.
Unloading 1384 Unused Serialized files (Serialized files now loaded: 0)
System memory in use before: 68.4 MB.
System memory in use after: 68.5 MB.

Unloading 14 unused Assets to reduce memory usage. Loaded Objects now: 1851.
Total: 2.394900 ms (FindLiveObjects: 0.191400 ms CreateObjectMapping: 0.051400 ms MarkObjects: 2.071900 ms  DeleteObjects: 0.078800 ms)

========================================================================
Received Import Request.
  Time since last request: 84.132967 seconds.
  path: Assets/Scripts/Ball.cs
  artifactKey: Guid(8bad647df3459cd478a206a46a72699a) Importer(815301076,1909f56bfc062723c751e8b465ee728b)
Start importing Assets/Scripts/Ball.cs using Guid(8bad647df3459cd478a206a46a72699a) Importer(815301076,1909f56bfc062723c751e8b465ee728b)  -> (artifact id: 'b186a7d701aee149c3d0b3a0b58295f2') in 0.010615 seconds
  Import took 0.015985 seconds .

========================================================================
Received Prepare
Registering precompiled user dll's ...
Registered in 0.020052 seconds.
Begin MonoManager ReloadAssembly
Native extension for WindowsStandalone target not found
Native extension for OSXStandalone target not found
Refreshing native plugins compatible for Editor in 0.63 ms, found 2 plugins.
Preloading 0 native plugins for Editor in 0.00 ms.
Mono: successfully reloaded assembly
- Completed reload, in  2.921 seconds
Platform modules already initialized, skipping
Refreshing native plugins compatible for Editor in 1.05 ms, found 2 plugins.
Preloading 0 native plugins for Editor in 0.00 ms.
Unloading 1384 Unused Serialized files (Serialized files now loaded: 0)
System memory in use before: 68.4 MB.
System memory in use after: 68.5 MB.

Unloading 14 unused Assets to reduce memory usage. Loaded Objects now: 1854.
Total: 6.185500 ms (FindLiveObjects: 0.507200 ms CreateObjectMapping: 0.174500 ms MarkObjects: 5.324100 ms  DeleteObjects: 0.175500 ms)

========================================================================
Received Prepare
Registering precompiled user dll's ...
Registered in 0.006922 seconds.
Begin MonoManager ReloadAssembly
Native extension for WindowsStandalone target not found
Native extension for OSXStandalone target not found
Refreshing native plugins compatible for Editor in 1.07 ms, found 2 plugins.
Preloading 0 native plugins for Editor in 0.00 ms.
Mono: successfully reloaded assembly
- Completed reload, in  2.960 seconds
Platform modules already initialized, skipping
Refreshing native plugins compatible for Editor in 0.54 ms, found 2 plugins.
Preloading 0 native plugins for Editor in 0.00 ms.
Unloading 1384 Unused Serialized files (Serialized files now loaded: 0)
System memory in use before: 68.4 MB.
System memory in use after: 68.5 MB.

Unloading 14 unused Assets to reduce memory usage. Loaded Objects now: 1857.
Total: 5.975400 ms (FindLiveObjects: 0.480300 ms CreateObjectMapping: 0.140500 ms MarkObjects: 5.150800 ms  DeleteObjects: 0.201400 ms)

========================================================================
Received Import Request.
  Time since last request: 84.104176 seconds.
  path: Assets/Scripts/Ball.cs
  artifactKey: Guid(8bad647df3459cd478a206a46a72699a) Importer(815301076,1909f56bfc062723c751e8b465ee728b)
Start importing Assets/Scripts/Ball.cs using Guid(8bad647df3459cd478a206a46a72699a) Importer(815301076,1909f56bfc062723c751e8b465ee728b)  -> (artifact id: '37755c7baba5cb4b269875875b43749b') in 0.009565 seconds
  Import took 0.014887 seconds .

========================================================================
Received Prepare
Registering precompiled user dll's ...
Registered in 0.015603 seconds.
Begin MonoManager ReloadAssembly
Native extension for WindowsStandalone target not found
Native extension for OSXStandalone target not found
Refreshing native plugins compatible for Editor in 0.59 ms, found 2 plugins.
Preloading 0 native plugins for Editor in 0.00 ms.
Mono: successfully reloaded assembly
- Completed reload, in  2.759 seconds
Platform modules already initialized, skipping
Refreshing native plugins compatible for Editor in 0.97 ms, found 2 plugins.
Preloading 0 native plugins for Editor in 0.00 ms.
Unloading 1385 Unused Serialized files (Serialized files now loaded: 0)
System memory in use before: 68.5 MB.
System memory in use after: 68.5 MB.

Unloading 14 unused Assets to reduce memory usage. Loaded Objects now: 1861.
Total: 6.143200 ms (FindLiveObjects: 0.453800 ms CreateObjectMapping: 0.287000 ms MarkObjects: 5.274100 ms  DeleteObjects: 0.124700 ms)

========================================================================
Received Prepare
Registering precompiled user dll's ...
Registered in 0.006912 seconds.
Begin MonoManager ReloadAssembly
Native extension for WindowsStandalone target not found
Native extension for OSXStandalone target not found
Refreshing native plugins compatible for Editor in 0.58 ms, found 2 plugins.
Preloading 0 native plugins for Editor in 0.00 ms.
Mono: successfully reloaded assembly
- Completed reload, in  3.200 seconds
Platform modules already initialized, skipping
Refreshing native plugins compatible for Editor in 0.43 ms, found 2 plugins.
Preloading 0 native plugins for Editor in 0.00 ms.
Unloading 1385 Unused Serialized files (Serialized files now loaded: 0)
System memory in use before: 68.5 MB.
System memory in use after: 68.5 MB.

Unloading 14 unused Assets to reduce memory usage. Loaded Objects now: 1864.
Total: 3.435500 ms (FindLiveObjects: 0.330300 ms CreateObjectMapping: 0.301600 ms MarkObjects: 2.704800 ms  DeleteObjects: 0.095900 ms)

========================================================================
Received Prepare
Registering precompiled user dll's ...
Registered in 0.018337 seconds.
Begin MonoManager ReloadAssembly
Native extension for WindowsStandalone target not found
Native extension for OSXStandalone target not found
Refreshing native plugins compatible for Editor in 0.63 ms, found 2 plugins.
Preloading 0 native plugins for Editor in 0.00 ms.
Mono: successfully reloaded assembly
- Completed reload, in  2.273 seconds
Platform modules already initialized, skipping
Refreshing native plugins compatible for Editor in 0.94 ms, found 2 plugins.
Preloading 0 native plugins for Editor in 0.00 ms.
Unloading 1385 Unused Serialized files (Serialized files now loaded: 0)
System memory in use before: 68.5 MB.
System memory in use after: 68.5 MB.

Unloading 14 unused Assets to reduce memory usage. Loaded Objects now: 1867.
Total: 5.805400 ms (FindLiveObjects: 0.536300 ms CreateObjectMapping: 0.303400 ms MarkObjects: 4.858600 ms  DeleteObjects: 0.103800 ms)

========================================================================
Received Prepare
Registering precompiled user dll's ...
Registered in 0.010821 seconds.
Begin MonoManager ReloadAssembly
Native extension for WindowsStandalone target not found
Native extension for OSXStandalone target not found
Refreshing native plugins compatible for Editor in 0.95 ms, found 2 plugins.
Preloading 0 native plugins for Editor in 0.00 ms.
Mono: successfully reloaded assembly
- Completed reload, in  3.105 seconds
Platform modules already initialized, skipping
Refreshing native plugins compatible for Editor in 0.58 ms, found 2 plugins.
Preloading 0 native plugins for Editor in 0.00 ms.
Unloading 1385 Unused Serialized files (Serialized files now loaded: 0)
System memory in use before: 68.5 MB.
System memory in use after: 68.6 MB.

Unloading 14 unused Assets to reduce memory usage. Loaded Objects now: 1870.
Total: 5.672300 ms (FindLiveObjects: 0.456100 ms CreateObjectMapping: 0.168900 ms MarkObjects: 4.915500 ms  DeleteObjects: 0.128100 ms)

========================================================================
Received Prepare
Registering precompiled user dll's ...
Registered in 0.014422 seconds.
Begin MonoManager ReloadAssembly
Native extension for WindowsStandalone target not found
Native extension for OSXStandalone target not found
Refreshing native plugins compatible for Editor in 1.35 ms, found 2 plugins.
Preloading 0 native plugins for Editor in 0.00 ms.
Mono: successfully reloaded assembly
- Completed reload, in  3.539 seconds
Platform modules already initialized, skipping
Refreshing native plugins compatible for Editor in 0.90 ms, found 2 plugins.
Preloading 0 native plugins for Editor in 0.00 ms.
Unloading 1385 Unused Serialized files (Serialized files now loaded: 0)
System memory in use before: 68.5 MB.
System memory in use after: 68.6 MB.

Unloading 14 unused Assets to reduce memory usage. Loaded Objects now: 1873.
Total: 6.657200 ms (FindLiveObjects: 0.272100 ms CreateObjectMapping: 0.316400 ms MarkObjects: 5.900200 ms  DeleteObjects: 0.164100 ms)

========================================================================
Received Prepare
Registering precompiled user dll's ...
Registered in 0.009973 seconds.
Begin MonoManager ReloadAssembly
Native extension for WindowsStandalone target not found
Native extension for OSXStandalone target not found
Refreshing native plugins compatible for Editor in 0.73 ms, found 2 plugins.
Preloading 0 native plugins for Editor in 0.00 ms.
Mono: successfully reloaded assembly
- Completed reload, in  3.029 seconds
Platform modules already initialized, skipping
Refreshing native plugins compatible for Editor in 0.64 ms, found 2 plugins.
Preloading 0 native plugins for Editor in 0.00 ms.
Unloading 1386 Unused Serialized files (Serialized files now loaded: 0)
System memory in use before: 68.5 MB.
System memory in use after: 68.6 MB.

Unloading 14 unused Assets to reduce memory usage. Loaded Objects now: 1877.
Total: 6.051700 ms (FindLiveObjects: 0.337500 ms CreateObjectMapping: 0.104900 ms MarkObjects: 5.434100 ms  DeleteObjects: 0.172700 ms)

========================================================================
Received Prepare
Registering precompiled user dll's ...
Registered in 0.010221 seconds.
Begin MonoManager ReloadAssembly
Native extension for WindowsStandalone target not found
Native extension for OSXStandalone target not found
Refreshing native plugins compatible for Editor in 0.96 ms, found 2 plugins.
Preloading 0 native plugins for Editor in 0.00 ms.
Mono: successfully reloaded assembly
- Completed reload, in  2.961 seconds
Platform modules already initialized, skipping
Refreshing native plugins compatible for Editor in 0.93 ms, found 2 plugins.
Preloading 0 native plugins for Editor in 0.00 ms.
Unloading 1386 Unused Serialized files (Serialized files now loaded: 0)
System memory in use before: 68.5 MB.
System memory in use after: 68.6 MB.

Unloading 14 unused Assets to reduce memory usage. Loaded Objects now: 1880.
Total: 5.525800 ms (FindLiveObjects: 0.361100 ms CreateObjectMapping: 0.099500 ms MarkObjects: 4.949100 ms  DeleteObjects: 0.113900 ms)

========================================================================
Received Import Request.
  Time since last request: 1744.535595 seconds.
  path: ProjectSettings/TagManager.asset
  artifactKey: Guid(00000000000000003000000000000000) Importer(815301076,1909f56bfc062723c751e8b465ee728b)
Start importing ProjectSettings/TagManager.asset using Guid(00000000000000003000000000000000) Importer(815301076,1909f56bfc062723c751e8b465ee728b)  -> (artifact id: '634bbd899d73e34fb133ee8a0437aa8f') in 0.026625 seconds
  Import took 0.035300 seconds .

========================================================================
Received Prepare
Registering precompiled user dll's ...
Registered in 0.010843 seconds.
Begin MonoManager ReloadAssembly
Native extension for WindowsStandalone target not found
Native extension for OSXStandalone target not found
Refreshing native plugins compatible for Editor in 0.97 ms, found 2 plugins.
Preloading 0 native plugins for Editor in 0.00 ms.
Mono: successfully reloaded assembly
- Completed reload, in  2.512 seconds
Platform modules already initialized, skipping
Refreshing native plugins compatible for Editor in 0.90 ms, found 2 plugins.
Preloading 0 native plugins for Editor in 0.00 ms.
Unloading 1386 Unused Serialized files (Serialized files now loaded: 0)
System memory in use before: 68.5 MB.
System memory in use after: 68.6 MB.

Unloading 15 unused Assets to reduce memory usage. Loaded Objects now: 1883.
Total: 3.633000 ms (FindLiveObjects: 0.316500 ms CreateObjectMapping: 0.124100 ms MarkObjects: 3.016800 ms  DeleteObjects: 0.173700 ms)

========================================================================
Received Import Request.
  Time since last request: 242.674621 seconds.
  path: ProjectSettings/TagManager.asset
  artifactKey: Guid(00000000000000003000000000000000) Importer(815301076,1909f56bfc062723c751e8b465ee728b)
Start importing ProjectSettings/TagManager.asset using Guid(00000000000000003000000000000000) Importer(815301076,1909f56bfc062723c751e8b465ee728b)  -> (artifact id: '27f047f1ffc1b91817b698ebfe10caa9') in 0.023465 seconds
  Import took 0.031183 seconds .

========================================================================
Received Import Request.
  Time since last request: 0.000612 seconds.
  path: ProjectSettings/TagManager.asset
  artifactKey: Guid(00000000000000003000000000000000) Importer(815301076,1909f56bfc062723c751e8b465ee728b)
Start importing ProjectSettings/TagManager.asset using Guid(00000000000000003000000000000000) Importer(815301076,1909f56bfc062723c751e8b465ee728b)  -> (artifact id: '27f047f1ffc1b91817b698ebfe10caa9') in 0.005599 seconds
  Import took 0.010618 seconds .

========================================================================
Received Prepare
Registering precompiled user dll's ...
Registered in 0.007306 seconds.
Begin MonoManager ReloadAssembly
Native extension for WindowsStandalone target not found
Native extension for OSXStandalone target not found
Refreshing native plugins compatible for Editor in 0.57 ms, found 2 plugins.
Preloading 0 native plugins for Editor in 0.00 ms.
Mono: successfully reloaded assembly
- Completed reload, in  2.096 seconds
Platform modules already initialized, skipping
Refreshing native plugins compatible for Editor in 0.95 ms, found 2 plugins.
Preloading 0 native plugins for Editor in 0.00 ms.
Unloading 1387 Unused Serialized files (Serialized files now loaded: 0)
System memory in use before: 68.6 MB.
System memory in use after: 68.6 MB.

Unloading 16 unused Assets to reduce memory usage. Loaded Objects now: 1887.
Total: 4.039100 ms (FindLiveObjects: 0.291400 ms CreateObjectMapping: 0.106000 ms MarkObjects: 3.521300 ms  DeleteObjects: 0.116800 ms)

========================================================================
Received Prepare
Registering precompiled user dll's ...
Registered in 0.006257 seconds.
Begin MonoManager ReloadAssembly
Native extension for WindowsStandalone target not found
Native extension for OSXStandalone target not found
Refreshing native plugins compatible for Editor in 0.73 ms, found 2 plugins.
Preloading 0 native plugins for Editor in 0.00 ms.
Mono: successfully reloaded assembly
- Completed reload, in  2.196 seconds
Platform modules already initialized, skipping
Refreshing native plugins compatible for Editor in 0.65 ms, found 2 plugins.
Preloading 0 native plugins for Editor in 0.00 ms.
Unloading 1387 Unused Serialized files (Serialized files now loaded: 0)
System memory in use before: 68.5 MB.
System memory in use after: 68.6 MB.

Unloading 14 unused Assets to reduce memory usage. Loaded Objects now: 1890.
Total: 3.667000 ms (FindLiveObjects: 0.309900 ms CreateObjectMapping: 0.118500 ms MarkObjects: 3.122700 ms  DeleteObjects: 0.113500 ms)

========================================================================
Received Prepare
Registering precompiled user dll's ...
Registered in 0.015236 seconds.
Begin MonoManager ReloadAssembly
Native extension for WindowsStandalone target not found
Native extension for OSXStandalone target not found
Refreshing native plugins compatible for Editor in 0.60 ms, found 2 plugins.
Preloading 0 native plugins for Editor in 0.00 ms.
Mono: successfully reloaded assembly
- Completed reload, in  1.629 seconds
Platform modules already initialized, skipping
Refreshing native plugins compatible for Editor in 1.09 ms, found 2 plugins.
Preloading 0 native plugins for Editor in 0.00 ms.
Unloading 1387 Unused Serialized files (Serialized files now loaded: 0)
System memory in use before: 68.6 MB.
System memory in use after: 68.6 MB.

Unloading 14 unused Assets to reduce memory usage. Loaded Objects now: 1893.
Total: 4.061600 ms (FindLiveObjects: 0.299500 ms CreateObjectMapping: 0.108900 ms MarkObjects: 3.536100 ms  DeleteObjects: 0.114100 ms)

AssetImportWorkerClient::OnTransportError - code=2 error=End of file
